#
# A fatal error has been detected by the Java Runtime Environment:
#
#  EXCEPTION_ACCESS_VIOLATION (0xc0000005) at pc=0x00007ff985b66b67, pid=107212, tid=197996
#
# JRE version: Java(TM) SE Runtime Environment (15.0.2+7) (build 15.0.2+7-27)
# Java VM: Java HotSpot(TM) 64-Bit Server VM (15.0.2+7-27, mixed mode, sharing, tiered, compressed oops, g1 gc, windows-amd64)
# Problematic frame:
# V  [jvm.dll+0x2d6b67]
#
# No core dump will be written. Minidumps are not enabled by default on client versions of Windows
#
# If you would like to submit a bug report, please visit:
#   https://bugreport.java.com/bugreport/crash.jsp
#

---------------  S U M M A R Y ------------

Command Line: -XX:TieredStopAtLevel=1 -Xverify:none -Dspring.output.ansi.enabled=always -javaagent:D:\Program Files\JetBrains\IntelliJ IDEA 2021.2.3\lib\idea_rt.jar=53024:D:\Program Files\JetBrains\IntelliJ IDEA 2021.2.3\bin -Dcom.sun.management.jmxremote -Dspring.jmx.enabled=true -Dspring.liveBeansView.mbeanDomain -Dspring.application.admin.enabled=true -Dfile.encoding=UTF-8 com.example.tourwebaplication.TourWebAplicationApplication

Host: Intel(R) Core(TM) i5-8300H CPU @ 2.30GHz, 8 cores, 7G,  Windows 10 , 64 bit Build 19041 (10.0.19041.1348)
Time: Wed Dec  1 15:12:52 2021 SE Asia Standard Time elapsed time: 4.088252 seconds (0d 0h 0m 4s)

---------------  T H R E A D  ---------------

Current thread (0x00000245e2b381b0):  GCTaskThread "GC Thread#0" [stack: 0x000000b857600000,0x000000b857700000] [id=197996]

Stack: [0x000000b857600000,0x000000b857700000],  sp=0x000000b8576ff4f8,  free space=1021k
Native frames: (J=compiled Java code, j=interpreted, Vv=VM code, C=native code)
V  [jvm.dll+0x2d6b67]


siginfo: EXCEPTION_ACCESS_VIOLATION (0xc0000005), reading address 0x00000000000000c0


Register to memory mapping:

RIP=0x00007ff985b66b67 jvm.dll
RAX=0x00000245e2b22350 points into unknown readable memory: 0x0000000000000000 | 00 00 00 00 00 00 00 00
RBX=0x0000000084555210 is an oop: java.util.ArrayList$SubList 
{0x0000000084555210} - klass: 'java/util/ArrayList$SubList'
RCX=0x0 is NULL
RDX=0x0000024583862360 points into unknown readable memory: 0x00007ff98611a6b0 | b0 a6 11 86 f9 7f 00 00
RSP=0x000000b8576ff4f8 points into unknown readable memory: 0x00007ff985b688fd | fd 88 b6 85 f9 7f 00 00
RBP=0x0000024583862360 points into unknown readable memory: 0x00007ff98611a6b0 | b0 a6 11 86 f9 7f 00 00
RSI=0x0000000084555b24 is pointing into object: java.util.HashMap$KeyIterator 
{0x0000000084555b10} - klass: 'java/util/HashMap$KeyIterator'
RDI=0x00000008001e5df8 is pointing into metadata
R8 =0x00000000838621c0 is pointing into object: [B 
{0x0000000083800000} - klass: {type array byte}
 - length: 13801
R9 =0x0000000084555210 is an oop: java.util.ArrayList$SubList 
{0x0000000084555210} - klass: 'java/util/ArrayList$SubList'
R10=0x0000000000000039 is an unknown value
R11=0x000000b8576ff3a8 points into unknown readable memory: 0x00007ff985bb3be0 | e0 3b bb 85 f9 7f 00 00
R12=0x0000000000000004 is an unknown value
R13=0x0000000000103acc is an unknown value
R14=0x0000000805d65f38 is an unknown value
R15=0x0000000084f4e0a8 points into unknown readable memory: 0x0000000084f4e0ab | ab e0 f4 84 00 00 00 00


Registers:
RAX=0x00000245e2b22350, RBX=0x0000000084555210, RCX=0x0000000000000000, RDX=0x0000024583862360
RSP=0x000000b8576ff4f8, RBP=0x0000024583862360, RSI=0x0000000084555b24, RDI=0x00000008001e5df8
R8 =0x00000000838621c0, R9 =0x0000000084555210, R10=0x0000000000000039, R11=0x000000b8576ff3a8
R12=0x0000000000000004, R13=0x0000000000103acc, R14=0x0000000805d65f38, R15=0x0000000084f4e0a8
RIP=0x00007ff985b66b67, EFLAGS=0x0000000000010246

Top of Stack: (sp=0x000000b8576ff4f8)
0x000000b8576ff4f8:   00007ff985b688fd 0000000000000102
0x000000b8576ff508:   0000024582f17b20 0000000000103ace
0x000000b8576ff518:   00007ff985b2693b 0000000000000100
0x000000b8576ff528:   00000245838621c0 0000000000000021
0x000000b8576ff538:   00007ff985b61c5c 0000000084f4e0a8
0x000000b8576ff548:   0000000000000000 0000000084f4e0a8
0x000000b8576ff558:   0000000000000000 0000000000103acc
0x000000b8576ff568:   0000000000000004 0000000000000000
0x000000b8576ff578:   00007ff985b61598 0000000000000000
0x000000b8576ff588:   0000000000000000 0000000000000021
0x000000b8576ff598:   00000245838621c0 0000000000000000
0x000000b8576ff5a8:   0000000000000018 00000245e2b00100
0x000000b8576ff5b8:   0000000000000000 0000000000000018
0x000000b8576ff5c8:   00007ff985ea0001 0000000000000001
0x000000b8576ff5d8:   00007ff985b2cf23 0000024583862360
0x000000b8576ff5e8:   00000245e2b86800 00000245e2b13a70 

Instructions: (pc=0x00007ff985b66b67)
0x00007ff985b66a67:   54 24 10 4c 89 44 24 18 4c 89 4c 24 20 48 83 ec
0x00007ff985b66a77:   28 4c 8b c1 4c 8d 4c 24 38 48 8d 0d 59 bf 7a 00
0x00007ff985b66a87:   ba 02 00 00 00 e8 5f 70 25 00 48 83 c4 28 c3 cc
0x00007ff985b66a97:   cc cc cc cc cc cc cc cc cc 8b 02 4c 8b c9 85 c0
0x00007ff985b66aa7:   74 59 8b 0d 61 4f 72 00 44 8b c0 49 d3 e0 4c 03
0x00007ff985b66ab7:   05 4c 4f 72 00 8b 0d 1e cf 7a 00 49 8b c0 48 33
0x00007ff985b66ac7:   c2 48 d3 e8 48 85 c0 74 32 49 8b 41 10 48 8b 80
0x00007ff985b66ad7:   00 01 00 00 8b 48 68 48 8b 40 58 49 d3 e8 4a 8b
0x00007ff985b66ae7:   0c c0 48 8b 89 c0 00 00 00 83 b9 00 01 00 00 00
0x00007ff985b66af7:   74 09 45 8b 41 18 e9 ae 5d 00 00 c3 cc cc cc cc
0x00007ff985b66b07:   cc cc cc cc cc cc cc cc cc 4c 8b ca 48 8b d1 41
0x00007ff985b66b17:   8b 01 85 c0 0f 84 8f 00 00 00 8b 0d e9 4e 72 00
0x00007ff985b66b27:   44 8b c0 49 d3 e0 4c 03 05 d4 4e 72 00 74 7a 8b
0x00007ff985b66b37:   0d a4 ce 7a 00 49 8b c0 49 33 c1 48 d3 e8 48 85
0x00007ff985b66b47:   c0 74 66 48 8b 42 10 48 8b 80 00 01 00 00 8b 48
0x00007ff985b66b57:   68 48 8b 40 58 49 d3 e8 4a 8b 0c c0 44 8b 42 18
0x00007ff985b66b67:   4c 8b 99 c0 00 00 00 41 83 bb 00 01 00 00 00 74
0x00007ff985b66b77:   38 49 8b 83 f8 00 00 00 4d 8b d1 49 c1 ea 09 8b
0x00007ff985b66b87:   88 c8 00 00 00 48 8b 05 9d ba 7a 00 48 8b 0c c8
0x00007ff985b66b97:   4e 39 14 c1 74 13 4e 89 14 c1 49 8b d1 49 8d 8b
0x00007ff985b66ba7:   90 00 00 00 e9 a0 ff 04 00 c3 cc cc cc cc cc cc
0x00007ff985b66bb7:   cc cc cc cc cc cc cc cc cc 4c 8b ca 48 8b d1 4d
0x00007ff985b66bc7:   8b 01 4d 85 c0 74 7a 8b 0d 0c ce 7a 00 49 8b c0
0x00007ff985b66bd7:   49 33 c1 48 d3 e8 48 85 c0 74 66 48 8b 42 10 48
0x00007ff985b66be7:   8b 80 00 01 00 00 8b 48 68 48 8b 40 58 49 d3 e8
0x00007ff985b66bf7:   4a 8b 0c c0 44 8b 42 18 4c 8b 99 c0 00 00 00 41
0x00007ff985b66c07:   83 bb 00 01 00 00 00 74 38 49 8b 83 f8 00 00 00
0x00007ff985b66c17:   4d 8b d1 49 c1 ea 09 8b 88 c8 00 00 00 48 8b 05
0x00007ff985b66c27:   05 ba 7a 00 48 8b 0c c8 4e 39 14 c1 74 13 4e 89
0x00007ff985b66c37:   14 c1 49 8b d1 49 8d 8b 90 00 00 00 e9 08 ff 04
0x00007ff985b66c47:   00 c3 cc cc cc cc cc cc cc 48 89 6c 24 18 57 48
0x00007ff985b66c57:   83 ec 20 8b 02 48 8b fa 48 8b e9 85 c0 0f 84 92 


Stack slot to memory mapping:
stack at sp + 0 slots: 0x00007ff985b688fd jvm.dll
stack at sp + 1 slots: 0x0000000000000102 is an unknown value
stack at sp + 2 slots: 0x0000024582f17b20 points into unknown readable memory: 0x00000245e2b09240 | 40 92 b0 e2 45 02 00 00
stack at sp + 3 slots: 0x0000000000103ace is an unknown value
stack at sp + 4 slots: 0x00007ff985b2693b jvm.dll
stack at sp + 5 slots: 0x0000000000000100 is an unknown value
stack at sp + 6 slots: 0x00000245838621c0 points into unknown readable memory: 0x00007ff98611a6f8 | f8 a6 11 86 f9 7f 00 00
stack at sp + 7 slots: 0x0000000000000021 is an unknown value


---------------  P R O C E S S  ---------------

Threads class SMR info:
_java_thread_list=0x00000245839a27c0, length=22, elements={
0x00000245ff5390d0, 0x00000245ff53bbc0, 0x00000245ff5524e0, 0x00000245ff553db0,
0x00000245ff556680, 0x00000245ff556ff0, 0x00000245ff55aef0, 0x00000245ff51ba10,
0x0000024582276050, 0x0000024582278aa0, 0x00000245823fe8f0, 0x0000024582f0d120,
0x0000024582ef4770, 0x00000245838c96a0, 0x0000024583886510, 0x0000024583918940,
0x0000024583a00370, 0x0000024583a011e0, 0x0000024583a03860, 0x0000024583a029f0,
0x0000024583a00d10, 0x0000024583a00840
}

Java Threads: ( => current thread )
  0x00000245ff5390d0 JavaThread "Reference Handler" daemon [_thread_blocked, id=38448, stack(0x000000b857c00000,0x000000b857d00000)]
  0x00000245ff53bbc0 JavaThread "Finalizer" daemon [_thread_blocked, id=8836, stack(0x000000b857d00000,0x000000b857e00000)]
  0x00000245ff5524e0 JavaThread "Signal Dispatcher" daemon [_thread_blocked, id=76840, stack(0x000000b857e00000,0x000000b857f00000)]
  0x00000245ff553db0 JavaThread "Attach Listener" daemon [_thread_blocked, id=18228, stack(0x000000b857f00000,0x000000b858000000)]
  0x00000245ff556680 JavaThread "Service Thread" daemon [_thread_blocked, id=194316, stack(0x000000b858000000,0x000000b858100000)]
  0x00000245ff556ff0 JavaThread "C1 CompilerThread0" daemon [_thread_blocked, id=170460, stack(0x000000b858100000,0x000000b858200000)]
  0x00000245ff55aef0 JavaThread "Sweeper thread" daemon [_thread_blocked, id=176224, stack(0x000000b858200000,0x000000b858300000)]
  0x00000245ff51ba10 JavaThread "Common-Cleaner" daemon [_thread_blocked, id=41120, stack(0x000000b858300000,0x000000b858400000)]
  0x0000024582276050 JavaThread "Monitor Ctrl-Break" daemon [_thread_in_native, id=157724, stack(0x000000b858400000,0x000000b858500000)]
  0x0000024582278aa0 JavaThread "Notification Thread" daemon [_thread_blocked, id=185492, stack(0x000000b858500000,0x000000b858600000)]
  0x00000245823fe8f0 JavaThread "RMI TCP Accept-0" daemon [_thread_in_native, id=172632, stack(0x000000b858600000,0x000000b858700000)]
  0x0000024582f0d120 JavaThread "RMI TCP Connection(4)-192.168.70.1" daemon [_thread_in_native, id=185408, stack(0x000000b858c00000,0x000000b858d00000)]
  0x0000024582ef4770 JavaThread "RMI Scheduler(0)" daemon [_thread_blocked, id=38580, stack(0x000000b858e00000,0x000000b858f00000)]
  0x00000245838c96a0 JavaThread "Catalina-utility-1" [_thread_blocked, id=150088, stack(0x000000b859000000,0x000000b859100000)]
  0x0000024583886510 JavaThread "Catalina-utility-2" [_thread_blocked, id=197276, stack(0x000000b859100000,0x000000b859200000)]
  0x0000024583918940 JavaThread "container-0" [_thread_blocked, id=41804, stack(0x000000b859200000,0x000000b859300000)]
  0x0000024583a00370 JavaThread "http-nio-8080-Poller" daemon [_thread_in_native, id=195572, stack(0x000000b859300000,0x000000b859400000)]
  0x0000024583a011e0 JavaThread "http-nio-8080-Acceptor" daemon [_thread_in_native, id=101704, stack(0x000000b859400000,0x000000b859500000)]
  0x0000024583a03860 JavaThread "DestroyJavaVM" [_thread_blocked, id=127412, stack(0x000000b857500000,0x000000b857600000)]
  0x0000024583a029f0 JavaThread "RMI TCP Connection(idle)" daemon [_thread_blocked, id=16080, stack(0x000000b859500000,0x000000b859600000)]
  0x0000024583a00d10 JavaThread "RMI TCP Connection(idle)" daemon [_thread_blocked, id=161532, stack(0x000000b859700000,0x000000b859800000)]
  0x0000024583a00840 JavaThread "http-nio-8080-exec-1" daemon [_thread_blocked, id=190308, stack(0x000000b859600000,0x000000b859700000)]

Other Threads:
  0x00000245ff534920 VMThread "VM Thread" [stack: 0x000000b857b00000,0x000000b857c00000] [id=189680]
  0x00000245e2afbe50 WatcherThread [stack: 0x000000b858700000,0x000000b858800000] [id=8060]
=>0x00000245e2b381b0 GCTaskThread "GC Thread#0" [stack: 0x000000b857600000,0x000000b857700000] [id=197996]
  0x0000024582bae360 GCTaskThread "GC Thread#1" [stack: 0x000000b858800000,0x000000b858900000] [id=171604]
  0x0000024582baecf0 GCTaskThread "GC Thread#2" [stack: 0x000000b858900000,0x000000b858a00000] [id=33496]
  0x0000024582baf020 GCTaskThread "GC Thread#3" [stack: 0x000000b858d00000,0x000000b858e00000] [id=20344]
  0x0000024582bb0670 GCTaskThread "GC Thread#4" [stack: 0x000000b859800000,0x000000b859900000] [id=33436]
  0x0000024582bb09a0 GCTaskThread "GC Thread#5" [stack: 0x000000b859900000,0x000000b859a00000] [id=39680]
  0x0000024582baf9b0 GCTaskThread "GC Thread#6" [stack: 0x000000b859a00000,0x000000b859b00000] [id=104232]
  0x0000024582bb0010 GCTaskThread "GC Thread#7" [stack: 0x000000b859b00000,0x000000b859c00000] [id=39552]
  0x00000245e2b48ed0 ConcurrentGCThread "G1 Main Marker" [stack: 0x000000b857700000,0x000000b857800000] [id=146376]
  0x00000245e2b49a50 ConcurrentGCThread "G1 Conc#0" [stack: 0x000000b857800000,0x000000b857900000] [id=21596]
  0x0000024582bb0340 ConcurrentGCThread "G1 Conc#1" [stack: 0x000000b858f00000,0x000000b859000000] [id=154580]
  0x00000245ff3b0090 ConcurrentGCThread "G1 Refine#0" [stack: 0x000000b857900000,0x000000b857a00000] [id=16920]
  0x0000024582122570 ConcurrentGCThread "G1 Refine#1" [stack: 0x000000b858a00000,0x000000b858b00000] [id=69228]
  0x0000024582123160 ConcurrentGCThread "G1 Refine#2" [stack: 0x000000b858b00000,0x000000b858c00000] [id=190132]
  0x00000245e2bc5460 ConcurrentGCThread "G1 Young RemSet Sampling" [stack: 0x000000b857a00000,0x000000b857b00000] [id=186744]

Threads with active compile tasks:

VM state: at safepoint (normal execution)

VM Mutex/Monitor currently owned by a thread:  ([mutex/lock_event])
[0x00000245e2af56a0] Threads_lock - owner thread: 0x00000245ff534920
[0x00000245e2af5970] Heap_lock - owner thread: 0x0000024583a00840

Heap address: 0x0000000082600000, size: 2010 MB, Compressed Oops mode: 32-bit
CDS archive(s) mapped at: [0x0000000800000000-0x0000000800b50000-0x0000000800b50000), size 11862016, SharedBaseAddress: 0x0000000800000000, ArchiveRelocationMode: 0.
Compressed class space mapped at: 0x0000000800b50000-0x0000000840b50000, size: 1073741824
Narrow klass base: 0x0000000800000000, Narrow klass shift: 3, Narrow klass range: 0x100000000

GC Precious Log:
 CPUs: 8 total, 8 available
 Memory: 8034M
 Large Page Support: Disabled
 NUMA Support: Disabled
 Compressed Oops: Enabled (32-bit)
 Heap Region Size: 1M
 Heap Min Capacity: 8M
 Heap Initial Capacity: 126M
 Heap Max Capacity: 2010M
 Pre-touch: Disabled
 Parallel Workers: 8
 Concurrent Workers: 2
 Concurrent Refinement Workers: 8
 Periodic GC: Disabled

Heap:
 garbage-first heap   total 64512K, used 43081K [0x0000000082600000, 0x0000000100000000)
  region size 1024K, 32 young (32768K), 3 survivors (3072K)
 Metaspace       used 32680K, capacity 33195K, committed 33456K, reserved 1079296K
  class space    used 4107K, capacity 4290K, committed 4352K, reserved 1048576K

Heap Regions: E=young(eden), S=young(survivor), O=old, HS=humongous(starts), HC=humongous(continues), CS=collection set, F=free, OA=open archive, CA=closed archive, TAMS=top-at-mark-start (previous, next)
|   0|0x0000000082600000, 0x0000000082700000, 0x0000000082700000|100%| O|  |TAMS 0x0000000082700000, 0x0000000082600000| Untracked 
|   1|0x0000000082700000, 0x0000000082800000, 0x0000000082800000|100%| O|  |TAMS 0x0000000082800000, 0x0000000082700000| Untracked 
|   2|0x0000000082800000, 0x0000000082900000, 0x0000000082900000|100%| O|  |TAMS 0x0000000082900000, 0x0000000082800000| Untracked 
|   3|0x0000000082900000, 0x0000000082a00000, 0x0000000082a00000|100%| O|  |TAMS 0x0000000082a00000, 0x0000000082900000| Untracked 
|   4|0x0000000082a00000, 0x0000000082b00000, 0x0000000082b00000|100%| O|  |TAMS 0x0000000082b00000, 0x0000000082a00000| Untracked 
|   5|0x0000000082b00000, 0x0000000082b64800, 0x0000000082c00000| 39%| O|  |TAMS 0x0000000082b64800, 0x0000000082b00000| Untracked 
|   6|0x0000000082c00000, 0x0000000082d00000, 0x0000000082d00000|100%| O|  |TAMS 0x0000000082c00000, 0x0000000082c00000| Untracked 
|   7|0x0000000082d00000, 0x0000000082e00000, 0x0000000082e00000|100%| O|  |TAMS 0x0000000082d00000, 0x0000000082d00000| Untracked 
|   8|0x0000000082e00000, 0x0000000082f00000, 0x0000000082f00000|100%| O|  |TAMS 0x0000000082e00000, 0x0000000082e00000| Untracked 
|   9|0x0000000082f00000, 0x0000000083000000, 0x0000000083000000|100%| O|  |TAMS 0x0000000082f00000, 0x0000000082f00000| Untracked 
|  10|0x0000000083000000, 0x0000000083100000, 0x0000000083100000|100%| O|  |TAMS 0x0000000083000000, 0x0000000083000000| Untracked 
|  11|0x0000000083100000, 0x0000000083200000, 0x0000000083200000|100%| O|  |TAMS 0x0000000083100000, 0x0000000083100000| Untracked 
|  12|0x0000000083200000, 0x0000000083200000, 0x0000000083300000|  0%| F|  |TAMS 0x0000000083200000, 0x0000000083200000| Untracked 
|  13|0x0000000083300000, 0x0000000083300000, 0x0000000083400000|  0%| F|  |TAMS 0x0000000083300000, 0x0000000083300000| Untracked 
|  14|0x0000000083400000, 0x0000000083400000, 0x0000000083500000|  0%| F|  |TAMS 0x0000000083400000, 0x0000000083400000| Untracked 
|  15|0x0000000083500000, 0x0000000083500000, 0x0000000083600000|  0%| F|  |TAMS 0x0000000083500000, 0x0000000083500000| Untracked 
|  16|0x0000000083600000, 0x0000000083600000, 0x0000000083700000|  0%| F|  |TAMS 0x0000000083600000, 0x0000000083600000| Untracked 
|  17|0x0000000083700000, 0x0000000083700000, 0x0000000083800000|  0%| F|  |TAMS 0x0000000083700000, 0x0000000083700000| Untracked 
|  18|0x0000000083800000, 0x0000000083800000, 0x0000000083900000|  0%| F|  |TAMS 0x0000000083800000, 0x0000000083800000| Untracked 
|  19|0x0000000083900000, 0x0000000083900000, 0x0000000083a00000|  0%| F|  |TAMS 0x0000000083900000, 0x0000000083900000| Untracked 
|  20|0x0000000083a00000, 0x0000000083a00000, 0x0000000083b00000|  0%| F|  |TAMS 0x0000000083a00000, 0x0000000083a00000| Untracked 
|  21|0x0000000083b00000, 0x0000000083b00000, 0x0000000083c00000|  0%| F|  |TAMS 0x0000000083b00000, 0x0000000083b00000| Untracked 
|  22|0x0000000083c00000, 0x0000000083c00000, 0x0000000083d00000|  0%| F|  |TAMS 0x0000000083c00000, 0x0000000083c00000| Untracked 
|  23|0x0000000083d00000, 0x0000000083d58b58, 0x0000000083e00000| 34%| S|  |TAMS 0x0000000083d00000, 0x0000000083d00000| Complete 
|  24|0x0000000083e00000, 0x0000000083f00000, 0x0000000083f00000|100%| S|  |TAMS 0x0000000083e00000, 0x0000000083e00000| Complete 
|  25|0x0000000083f00000, 0x0000000084000000, 0x0000000084000000|100%| S|  |TAMS 0x0000000083f00000, 0x0000000083f00000| Complete 
|  26|0x0000000084000000, 0x0000000084100000, 0x0000000084100000|100%| E|CS|TAMS 0x0000000084000000, 0x0000000084000000| Complete 
|  27|0x0000000084100000, 0x0000000084200000, 0x0000000084200000|100%| E|CS|TAMS 0x0000000084100000, 0x0000000084100000| Complete 
|  28|0x0000000084200000, 0x0000000084300000, 0x0000000084300000|100%| E|CS|TAMS 0x0000000084200000, 0x0000000084200000| Complete 
|  29|0x0000000084300000, 0x0000000084400000, 0x0000000084400000|100%| E|CS|TAMS 0x0000000084300000, 0x0000000084300000| Complete 
|  30|0x0000000084400000, 0x0000000084500000, 0x0000000084500000|100%| E|CS|TAMS 0x0000000084400000, 0x0000000084400000| Complete 
|  31|0x0000000084500000, 0x0000000084600000, 0x0000000084600000|100%| E|CS|TAMS 0x0000000084500000, 0x0000000084500000| Complete 
|  32|0x0000000084600000, 0x0000000084700000, 0x0000000084700000|100%| E|CS|TAMS 0x0000000084600000, 0x0000000084600000| Complete 
|  33|0x0000000084700000, 0x0000000084800000, 0x0000000084800000|100%| E|CS|TAMS 0x0000000084700000, 0x0000000084700000| Complete 
|  34|0x0000000084800000, 0x0000000084900000, 0x0000000084900000|100%| E|CS|TAMS 0x0000000084800000, 0x0000000084800000| Complete 
|  35|0x0000000084900000, 0x0000000084a00000, 0x0000000084a00000|100%| E|CS|TAMS 0x0000000084900000, 0x0000000084900000| Complete 
|  36|0x0000000084a00000, 0x0000000084b00000, 0x0000000084b00000|100%| E|CS|TAMS 0x0000000084a00000, 0x0000000084a00000| Complete 
|  37|0x0000000084b00000, 0x0000000084c00000, 0x0000000084c00000|100%| E|CS|TAMS 0x0000000084b00000, 0x0000000084b00000| Complete 
|  38|0x0000000084c00000, 0x0000000084d00000, 0x0000000084d00000|100%| E|CS|TAMS 0x0000000084c00000, 0x0000000084c00000| Complete 
|  39|0x0000000084d00000, 0x0000000084e00000, 0x0000000084e00000|100%| E|CS|TAMS 0x0000000084d00000, 0x0000000084d00000| Complete 
|  40|0x0000000084e00000, 0x0000000084f00000, 0x0000000084f00000|100%| E|CS|TAMS 0x0000000084e00000, 0x0000000084e00000| Complete 
|  41|0x0000000084f00000, 0x0000000085000000, 0x0000000085000000|100%| E|CS|TAMS 0x0000000084f00000, 0x0000000084f00000| Complete 
|  42|0x0000000085000000, 0x0000000085100000, 0x0000000085100000|100%| E|CS|TAMS 0x0000000085000000, 0x0000000085000000| Complete 
|  43|0x0000000085100000, 0x0000000085200000, 0x0000000085200000|100%| E|CS|TAMS 0x0000000085100000, 0x0000000085100000| Complete 
|  44|0x0000000085200000, 0x00000000852adee0, 0x0000000085300000| 67%| E|CS|TAMS 0x0000000085200000, 0x0000000085200000| Complete 
|  45|0x0000000085300000, 0x0000000085400000, 0x0000000085400000|100%| E|CS|TAMS 0x0000000085300000, 0x0000000085300000| Complete 
|  46|0x0000000085400000, 0x0000000085500000, 0x0000000085500000|100%| E|CS|TAMS 0x0000000085400000, 0x0000000085400000| Complete 
|  47|0x0000000085500000, 0x0000000085600000, 0x0000000085600000|100%| E|CS|TAMS 0x0000000085500000, 0x0000000085500000| Complete 
|  48|0x0000000085600000, 0x0000000085700000, 0x0000000085700000|100%| E|CS|TAMS 0x0000000085600000, 0x0000000085600000| Complete 
|  49|0x0000000085700000, 0x0000000085800000, 0x0000000085800000|100%| E|CS|TAMS 0x0000000085700000, 0x0000000085700000| Complete 
|  50|0x0000000085800000, 0x0000000085900000, 0x0000000085900000|100%| E|CS|TAMS 0x0000000085800000, 0x0000000085800000| Complete 
|  51|0x0000000085900000, 0x0000000085a00000, 0x0000000085a00000|100%| E|CS|TAMS 0x0000000085900000, 0x0000000085900000| Complete 
|  52|0x0000000085a00000, 0x0000000085b00000, 0x0000000085b00000|100%| E|CS|TAMS 0x0000000085a00000, 0x0000000085a00000| Complete 
|  53|0x0000000085b00000, 0x0000000085c00000, 0x0000000085c00000|100%| E|CS|TAMS 0x0000000085b00000, 0x0000000085b00000| Complete 
|  54|0x0000000085c00000, 0x0000000085d00000, 0x0000000085d00000|100%| E|CS|TAMS 0x0000000085c00000, 0x0000000085c00000| Complete 
|  55|0x0000000085d00000, 0x0000000085e00000, 0x0000000085e00000|100%| E|CS|TAMS 0x0000000085d00000, 0x0000000085d00000| Complete 
| 117|0x0000000089b00000, 0x0000000089c00000, 0x0000000089c00000|100%| E|CS|TAMS 0x0000000089b00000, 0x0000000089b00000| Complete 
| 118|0x0000000089c00000, 0x0000000089d00000, 0x0000000089d00000|100%| E|CS|TAMS 0x0000000089c00000, 0x0000000089c00000| Complete 
| 119|0x0000000089d00000, 0x0000000089e00000, 0x0000000089e00000|100%| E|CS|TAMS 0x0000000089d00000, 0x0000000089d00000| Complete 
| 120|0x0000000089e00000, 0x0000000089f00000, 0x0000000089f00000|100%| E|CS|TAMS 0x0000000089e00000, 0x0000000089e00000| Complete 
| 121|0x0000000089f00000, 0x000000008a000000, 0x000000008a000000|100%| E|CS|TAMS 0x0000000089f00000, 0x0000000089f00000| Complete 
| 122|0x000000008a000000, 0x000000008a100000, 0x000000008a100000|100%| E|CS|TAMS 0x000000008a000000, 0x000000008a000000| Complete 
| 125|0x000000008a300000, 0x000000008a400000, 0x000000008a400000|100%| E|CS|TAMS 0x000000008a300000, 0x000000008a300000| Complete 

Card table byte_map: [0x00000245fa460000,0x00000245fa850000] _byte_map_base: 0x00000245fa04d000

Marking Bits (Prev, Next): (CMBitMap*) 0x00000245e2b38970, (CMBitMap*) 0x00000245e2b38930
 Prev Bits: [0x00000245fcbb0000, 0x00000245feb18000)
 Next Bits: [0x00000245fac40000, 0x00000245fcba8000)

Polling page: 0x00000245e0ab0000

Metaspace:

Usage:
  Non-class:     28.23 MB capacity,    27.90 MB ( 99%) used,   276.79 KB ( <1%) free+waste,    54.56 KB ( <1%) overhead. 
      Class:      4.19 MB capacity,     4.01 MB ( 96%) used,   160.25 KB (  4%) free+waste,    22.50 KB ( <1%) overhead. 
       Both:     32.42 MB capacity,    31.91 MB ( 98%) used,   437.04 KB (  1%) free+waste,    77.06 KB ( <1%) overhead. 

Virtual space:
  Non-class space:       30.00 MB reserved,      28.42 MB ( 95%) committed 
      Class space:        1.00 GB reserved,       4.25 MB ( <1%) committed 
             Both:        1.03 GB reserved,      32.67 MB (  3%) committed 

Chunk freelists:
   Non-Class:  7.00 KB
       Class:  0 bytes
        Both:  7.00 KB

MaxMetaspaceSize: 17179869184.00 GB
CompressedClassSpaceSize: 1.00 GB

CodeHeap 'non-profiled nmethods': size=238336Kb used=5830Kb max_used=5830Kb free=232505Kb
 bounds [0x00000245eb470000, 0x00000245eba30000, 0x00000245f9d30000]
CodeHeap 'non-nmethods': size=7424Kb used=1272Kb max_used=1272Kb free=6151Kb
 bounds [0x00000245ead30000, 0x00000245eafa0000, 0x00000245eb470000]
 total_blobs=4318 nmethods=3762 adapters=483
 compilation: enabled
              stopped_count=0, restarted_count=0
 full_count=0

Compilation events (20 events):
Event: 3.897 Thread 0x00000245ff556ff0 3753       1       sun.security.util.ArrayUtil::swap (15 bytes)
Event: 3.897 Thread 0x00000245ff556ff0 nmethod 3753 0x00000245eba1e210 code [0x00000245eba1e3a0, 0x00000245eba1e498]
Event: 3.897 Thread 0x00000245ff556ff0 3754       1       sun.security.util.math.intpoly.IntegerPolynomial$Element::getField (5 bytes)
Event: 3.897 Thread 0x00000245ff556ff0 nmethod 3754 0x00000245eba1e590 code [0x00000245eba1e720, 0x00000245eba1e7d8]
Event: 3.907 Thread 0x00000245ff556ff0 3755       1       com.sun.crypto.provider.GHASH::blockMult (245 bytes)
Event: 3.907 Thread 0x00000245ff556ff0 nmethod 3755 0x00000245eba1e890 code [0x00000245eba1ea40, 0x00000245eba1ed38]
Event: 3.907 Thread 0x00000245ff556ff0 3756       1       com.sun.crypto.provider.GHASH::getLong (41 bytes)
Event: 3.907 Thread 0x00000245ff556ff0 nmethod 3756 0x00000245eba1ef10 code [0x00000245eba1f0a0, 0x00000245eba1f198]
Event: 3.908 Thread 0x00000245ff556ff0 3757       1       jdk.internal.misc.Unsafe::checkOffset (32 bytes)
Event: 3.909 Thread 0x00000245ff556ff0 nmethod 3757 0x00000245eba1f290 code [0x00000245eba1f440, 0x00000245eba1f5a8]
Event: 3.909 Thread 0x00000245ff556ff0 3758       1       com.microsoft.sqlserver.jdbc.TypeInfo::access$200 (5 bytes)
Event: 3.909 Thread 0x00000245ff556ff0 nmethod 3758 0x00000245eba1f690 code [0x00000245eba1f820, 0x00000245eba1f8b8]
Event: 3.915 Thread 0x00000245ff556ff0 3759       1       sun.security.ssl.HandshakeContext::isActivatable (284 bytes)
Event: 3.916 Thread 0x00000245ff556ff0 nmethod 3759 0x00000245eba1f990 code [0x00000245eba1fba0, 0x00000245eba1ff68]
Event: 3.916 Thread 0x00000245ff556ff0 3760       1       java.security.AlgorithmParameters::getParameterSpec (26 bytes)
Event: 3.917 Thread 0x00000245ff556ff0 nmethod 3760 0x00000245eba20210 code [0x00000245eba203c0, 0x00000245eba20578]
Event: 3.917 Thread 0x00000245ff556ff0 3761       1       sun.security.util.DisabledAlgorithmConstraints$KeySizeConstraint::permits (86 bytes)
Event: 3.917 Thread 0x00000245ff556ff0 nmethod 3761 0x00000245eba20690 code [0x00000245eba20860, 0x00000245eba20a78]
Event: 3.917 Thread 0x00000245ff556ff0 3762   !   1       sun.security.util.KeyUtil::getKeySize (184 bytes)
Event: 3.918 Thread 0x00000245ff556ff0 nmethod 3762 0x00000245eba20b90 code [0x00000245eba20e00, 0x00000245eba214a8]

GC Heap History (11 events):
Event: 0.793 GC heap before
{Heap before GC invocations=0 (full 0):
 garbage-first heap   total 129024K, used 23552K [0x0000000082600000, 0x0000000100000000)
  region size 1024K, 23 young (23552K), 0 survivors (0K)
 Metaspace       used 8089K, capacity 8320K, committed 8576K, reserved 1056768K
  class space    used 1009K, capacity 1081K, committed 1152K, reserved 1048576K
}
Event: 0.802 GC heap after
{Heap after GC invocations=1 (full 0):
 garbage-first heap   total 129024K, used 5464K [0x0000000082600000, 0x0000000100000000)
  region size 1024K, 3 young (3072K), 3 survivors (3072K)
 Metaspace       used 8089K, capacity 8320K, committed 8576K, reserved 1056768K
  class space    used 1009K, capacity 1081K, committed 1152K, reserved 1048576K
}
Event: 1.096 GC heap before
{Heap before GC invocations=1 (full 0):
 garbage-first heap   total 129024K, used 27992K [0x0000000082600000, 0x0000000100000000)
  region size 1024K, 25 young (25600K), 3 survivors (3072K)
 Metaspace       used 13166K, capacity 13427K, committed 13568K, reserved 1060864K
  class space    used 1679K, capacity 1756K, committed 1792K, reserved 1048576K
}
Event: 1.102 GC heap after
{Heap after GC invocations=2 (full 0):
 garbage-first heap   total 129024K, used 6976K [0x0000000082600000, 0x0000000100000000)
  region size 1024K, 2 young (2048K), 2 survivors (2048K)
 Metaspace       used 13166K, capacity 13427K, committed 13568K, reserved 1060864K
  class space    used 1679K, capacity 1756K, committed 1792K, reserved 1048576K
}
Event: 1.804 GC heap before
{Heap before GC invocations=2 (full 0):
 garbage-first heap   total 129024K, used 53056K [0x0000000082600000, 0x0000000100000000)
  region size 1024K, 47 young (48128K), 2 survivors (2048K)
 Metaspace       used 20168K, capacity 20547K, committed 20736K, reserved 1067008K
  class space    used 2673K, capacity 2799K, committed 2816K, reserved 1048576K
}
Event: 1.812 GC heap after
{Heap after GC invocations=3 (full 0):
 garbage-first heap   total 129024K, used 10311K [0x0000000082600000, 0x0000000100000000)
  region size 1024K, 5 young (5120K), 5 survivors (5120K)
 Metaspace       used 20168K, capacity 20547K, committed 20736K, reserved 1067008K
  class space    used 2673K, capacity 2799K, committed 2816K, reserved 1048576K
}
Event: 1.844 GC heap before
{Heap before GC invocations=3 (full 0):
 garbage-first heap   total 129024K, used 12359K [0x0000000082600000, 0x0000000100000000)
  region size 1024K, 8 young (8192K), 5 survivors (5120K)
 Metaspace       used 20795K, capacity 21123K, committed 21296K, reserved 1067008K
  class space    used 2730K, capacity 2863K, committed 2944K, reserved 1048576K
}
Event: 1.852 GC heap after
{Heap after GC invocations=4 (full 0):
 garbage-first heap   total 129024K, used 10896K [0x0000000082600000, 0x0000000100000000)
  region size 1024K, 6 young (6144K), 6 survivors (6144K)
 Metaspace       used 20795K, capacity 21123K, committed 21296K, reserved 1067008K
  class space    used 2730K, capacity 2863K, committed 2944K, reserved 1048576K
}
Event: 2.813 GC heap before
{Heap before GC invocations=5 (full 0):
 garbage-first heap   total 45056K, used 43664K [0x0000000082600000, 0x0000000100000000)
  region size 1024K, 38 young (38912K), 6 survivors (6144K)
 Metaspace       used 25479K, capacity 25902K, committed 26032K, reserved 1071104K
  class space    used 3323K, capacity 3482K, committed 3584K, reserved 1048576K
}
Event: 2.821 GC heap after
{Heap after GC invocations=6 (full 0):
 garbage-first heap   total 64512K, used 13385K [0x0000000082600000, 0x0000000100000000)
  region size 1024K, 8 young (8192K), 8 survivors (8192K)
 Metaspace       used 25479K, capacity 25902K, committed 26032K, reserved 1071104K
  class space    used 3323K, capacity 3482K, committed 3584K, reserved 1048576K
}
Event: 3.918 GC heap before
{Heap before GC invocations=6 (full 0):
 garbage-first heap   total 64512K, used 42057K [0x0000000082600000, 0x0000000100000000)
  region size 1024K, 37 young (37888K), 8 survivors (8192K)
 Metaspace       used 32680K, capacity 33195K, committed 33456K, reserved 1079296K
  class space    used 4107K, capacity 4290K, committed 4352K, reserved 1048576K
}

Deoptimization events (4 events):
Event: 2.053 Thread 0x00000245e2afad90 DEOPT PACKING pc=0x00000245eb6fdf7e sp=0x000000b8575fec40
Event: 2.053 Thread 0x00000245e2afad90 DEOPT UNPACKING pc=0x00000245ead7e23f sp=0x000000b8575fe0d0 mode 3
Event: 2.054 Thread 0x0000024583886510 DEOPT PACKING pc=0x00000245eb6d1311 sp=0x000000b8591fed30
Event: 2.054 Thread 0x0000024583886510 DEOPT UNPACKING pc=0x00000245ead7e23f sp=0x000000b8591fe188 mode 3

Classes unloaded (0 events):
No events

Classes redefined (0 events):
No events

Internal exceptions (20 events):
Event: 2.095 Thread 0x00000245e2afad90 Exception <a 'java/lang/ClassNotFoundException'{0x0000000083e023d8}: org/springframework/web/servlet/config/annotation/WebMvcConfigurationSupportCustomizer> (0x0000000083e023d8) 
thrown [./open/src/hotspot/share/classfile/systemDictionary.cpp, line 295]
Event: 2.096 Thread 0x00000245e2afad90 Exception <a 'java/lang/ClassNotFoundException'{0x0000000083e15620}: org/springframework/web/servlet/config/annotation/DelegatingWebMvcConfigurationCustomizer> (0x0000000083e15620) 
thrown [./open/src/hotspot/share/classfile/systemDictionary.cpp, line 295]
Event: 2.097 Thread 0x00000245e2afad90 Exception <a 'java/lang/ClassNotFoundException'{0x0000000083e1e108}: org/springframework/boot/autoconfigure/web/servlet/WebMvcAutoConfiguration$EnableWebMvcConfigurationCustomizer> (0x0000000083e1e108) 
thrown [./open/src/hotspot/share/classfile/systemDictionary.cpp, line 295]
Event: 2.098 Thread 0x00000245e2afad90 Exception <a 'java/lang/ClassNotFoundException'{0x0000000083e31be0}: org/springframework/context/ResourceLoaderAwareCustomizer> (0x0000000083e31be0) 
thrown [./open/src/hotspot/share/classfile/systemDictionary.cpp, line 295]
Event: 2.098 Thread 0x00000245e2afad90 Exception <a 'java/lang/ClassNotFoundException'{0x0000000083e35ee8}: org/springframework/beans/factory/AwareCustomizer> (0x0000000083e35ee8) 
thrown [./open/src/hotspot/share/classfile/systemDictionary.cpp, line 295]
Event: 2.099 Thread 0x00000245e2afad90 Exception <a 'java/lang/ClassNotFoundException'{0x0000000083e395d0}: org/springframework/context/ApplicationContextAwareCustomizer> (0x0000000083e395d0) 
thrown [./open/src/hotspot/share/classfile/systemDictionary.cpp, line 295]
Event: 2.099 Thread 0x00000245e2afad90 Exception <a 'java/lang/ClassNotFoundException'{0x0000000083e3e4b8}: org/springframework/beans/factory/AwareCustomizer> (0x0000000083e3e4b8) 
thrown [./open/src/hotspot/share/classfile/systemDictionary.cpp, line 295]
Event: 2.100 Thread 0x00000245e2afad90 Exception <a 'java/lang/ClassNotFoundException'{0x0000000083e41b78}: org/springframework/web/context/ServletContextAwareCustomizer> (0x0000000083e41b78) 
thrown [./open/src/hotspot/share/classfile/systemDictionary.cpp, line 295]
Event: 2.100 Thread 0x00000245e2afad90 Exception <a 'java/lang/ClassNotFoundException'{0x0000000083e462d8}: org/springframework/beans/factory/AwareCustomizer> (0x0000000083e462d8) 
thrown [./open/src/hotspot/share/classfile/systemDictionary.cpp, line 295]
Event: 2.193 Thread 0x00000245e2afad90 Exception <a 'java/lang/NoSuchMethodError'{0x0000000083abf858}: 'void java.lang.invoke.DirectMethodHandle$Holder.invokeVirtual(java.lang.Object, java.lang.Object, int)'> (0x0000000083abf858) 
thrown [./open/src/hotspot/share/interpreter/linkResolver.cpp, line 782]
Event: 2.194 Thread 0x00000245e2afad90 Exception <a 'java/lang/NoSuchMethodError'{0x0000000083adbad8}: 'void java.lang.invoke.DirectMethodHandle$Holder.invokeVirtual(java.lang.Object, java.lang.Object, long)'> (0x0000000083adbad8) 
thrown [./open/src/hotspot/share/interpreter/linkResolver.cpp, line 782]
Event: 2.256 Thread 0x0000024582f0d120 Exception <a 'java/lang/reflect/InvocationTargetException'{0x0000000083689c08}> (0x0000000083689c08) 
thrown [./open/src/hotspot/share/runtime/reflection.cpp, line 1157]
Event: 2.287 Thread 0x00000245e2afad90 Exception <a 'java/lang/IncompatibleClassChangeError'{0x0000000083416260}: Found class java.lang.Object, but interface was expected> (0x0000000083416260) 
thrown [./open/src/hotspot/share/interpreter/linkResolver.cpp, line 848]
Event: 2.307 Thread 0x00000245e2afad90 Exception <a 'java/lang/NoSuchMethodError'{0x00000000833267a8}: 'int java.lang.invoke.DirectMethodHandle$Holder.invokeStaticInit(java.lang.Object, java.lang.Object, java.lang.Object, java.lang.Object)'> (0x00000000833267a8) 
thrown [./open/src/hotspot/share/interpreter/linkResolver.cpp, line 782]
Event: 2.375 Thread 0x00000245e2afad90 Exception <a 'java/lang/NoSuchMethodError'{0x0000000082f11ba0}: 'java.lang.Object java.lang.invoke.DirectMethodHandle$Holder.newInvokeSpecial(java.lang.Object, java.lang.Object, int, java.lang.Object, java.lang.Object)'> (0x0000000082f11ba0) 
thrown [./open/src/hotspot/share/interpreter/linkResolver.cpp, line 782]
Event: 2.376 Thread 0x00000245e2afad90 Exception <a 'java/lang/NoSuchMethodError'{0x0000000082f1d8a8}: 'java.lang.Object java.lang.invoke.DirectMethodHandle$Holder.invokeSpecial(java.lang.Object, java.lang.Object, int, java.lang.Object, int, java.lang.Object)'> (0x0000000082f1d8a8) 
thrown [./open/src/hotspot/share/interpreter/linkResolver.cpp, line 782]
Event: 2.376 Thread 0x00000245e2afad90 Exception <a 'java/lang/NoSuchMethodError'{0x0000000082f26090}: 'java.lang.Object java.lang.invoke.DirectMethodHandle$Holder.newInvokeSpecial(java.lang.Object, java.lang.Object, int, java.lang.Object, int)'> (0x0000000082f26090) 
thrown [./open/src/hotspot/share/interpreter/linkResolver.cpp, line 782]
Event: 2.377 Thread 0x00000245e2afad90 Exception <a 'java/lang/NoSuchMethodError'{0x0000000082f2a2a0}: 'java.lang.Object java.lang.invoke.DirectMethodHandle$Holder.invokeSpecial(java.lang.Object, java.lang.Object, java.lang.Object, int, java.lang.Object, int)'> (0x0000000082f2a2a0) 
thrown [./open/src/hotspot/share/interpreter/linkResolver.cpp, line 782]
Event: 2.378 Thread 0x00000245e2afad90 Exception <a 'java/lang/NoSuchMethodError'{0x0000000082f34ef0}: 'void java.lang.invoke.DirectMethodHandle$Holder.invokeVirtual(java.lang.Object, java.lang.Object)'> (0x0000000082f34ef0) 
thrown [./open/src/hotspot/share/interpreter/linkResolver.cpp, line 782]
Event: 3.546 Thread 0x0000024583a00840 Exception <a 'sun/nio/fs/WindowsException'{0x0000000085953f38}> (0x0000000085953f38) 
thrown [./open/src/hotspot/share/prims/jni.cpp, line 578]

Events (20 events):
Event: 3.744 loading class java/io/EOFException
Event: 3.744 loading class java/io/EOFException done
Event: 3.744 loading class javax/crypto/AEADBadTagException
Event: 3.744 loading class javax/crypto/AEADBadTagException done
Event: 3.744 loading class javax/net/ssl/SSLHandshakeException
Event: 3.744 loading class javax/net/ssl/SSLHandshakeException done
Event: 3.746 loading class sun/nio/cs/UTF_16LE$Decoder
Event: 3.746 loading class sun/nio/cs/UnicodeDecoder
Event: 3.746 loading class sun/nio/cs/UnicodeDecoder done
Event: 3.747 Executing VM operation: HandshakeAllThreads
Event: 3.747 Executing VM operation: HandshakeAllThreads done
Event: 3.747 loading class sun/nio/cs/UTF_16LE$Decoder done
Event: 3.750 loading class java/util/JumboEnumSet
Event: 3.750 loading class java/util/JumboEnumSet done
Event: 3.750 loading class java/util/JumboEnumSet$EnumSetIterator
Event: 3.750 loading class java/util/JumboEnumSet$EnumSetIterator done
Event: 3.779 loading class java/math/MathContext
Event: 3.779 loading class java/math/MathContext done
Event: 3.846 Loaded shared library D:\Java\jdk-15.0.2\bin\java.dll
Event: 3.918 Executing VM operation: G1CollectForAllocation


Dynamic libraries:
0x00007ff6524a0000 - 0x00007ff6524af000 	D:\Java\jdk-15.0.2\bin\java.exe
0x00007ff9d73f0000 - 0x00007ff9d75e5000 	C:\WINDOWS\SYSTEM32\ntdll.dll
0x00007ff9d6060000 - 0x00007ff9d611e000 	C:\WINDOWS\System32\KERNEL32.DLL
0x00007ff9d50c0000 - 0x00007ff9d5388000 	C:\WINDOWS\System32\KERNELBASE.dll
0x00007ff9d4d60000 - 0x00007ff9d4e60000 	C:\WINDOWS\System32\ucrtbase.dll
0x00007ff9cf9c0000 - 0x00007ff9cf9d9000 	D:\Java\jdk-15.0.2\bin\VCRUNTIME140.dll
0x00007ff9cf9a0000 - 0x00007ff9cf9b8000 	D:\Java\jdk-15.0.2\bin\jli.dll
0x00007ff9d55e0000 - 0x00007ff9d568c000 	C:\WINDOWS\System32\ADVAPI32.dll
0x00007ff9d6e80000 - 0x00007ff9d6f1e000 	C:\WINDOWS\System32\msvcrt.dll
0x00007ff9d7000000 - 0x00007ff9d709b000 	C:\WINDOWS\System32\sechost.dll
0x00007ff9d5690000 - 0x00007ff9d57ba000 	C:\WINDOWS\System32\RPCRT4.dll
0x00007ff9d57c0000 - 0x00007ff9d5961000 	C:\WINDOWS\System32\USER32.dll
0x00007ff9d4ff0000 - 0x00007ff9d5012000 	C:\WINDOWS\System32\win32u.dll
0x00007ff9c43e0000 - 0x00007ff9c467a000 	C:\WINDOWS\WinSxS\amd64_microsoft.windows.common-controls_6595b64144ccf1df_6.0.19041.1110_none_60b5254171f9507e\COMCTL32.dll
0x00007ff9d5980000 - 0x00007ff9d59ab000 	C:\WINDOWS\System32\GDI32.dll
0x00007ff9d4c50000 - 0x00007ff9d4d5b000 	C:\WINDOWS\System32\gdi32full.dll
0x00007ff9d5020000 - 0x00007ff9d50bd000 	C:\WINDOWS\System32\msvcp_win.dll
0x00007ff9cd6c0000 - 0x00007ff9cd6ca000 	C:\WINDOWS\SYSTEM32\VERSION.dll
0x00007ff9d70a0000 - 0x00007ff9d70d0000 	C:\WINDOWS\System32\IMM32.DLL
0x00007ff9d1e50000 - 0x00007ff9d1e5c000 	D:\Java\jdk-15.0.2\bin\vcruntime140_1.dll
0x00007ff9bb060000 - 0x00007ff9bb0f1000 	D:\Java\jdk-15.0.2\bin\msvcp140.dll
0x00007ff985890000 - 0x00007ff9863ee000 	D:\Java\jdk-15.0.2\bin\server\jvm.dll
0x00007ff9d70d0000 - 0x00007ff9d70d8000 	C:\WINDOWS\System32\PSAPI.DLL
0x00007ff9d0390000 - 0x00007ff9d0399000 	C:\WINDOWS\SYSTEM32\WSOCK32.dll
0x00007ff9ca570000 - 0x00007ff9ca597000 	C:\WINDOWS\SYSTEM32\WINMM.dll
0x00007ff9d6180000 - 0x00007ff9d61eb000 	C:\WINDOWS\System32\WS2_32.dll
0x00007ff9d33e0000 - 0x00007ff9d33f2000 	C:\WINDOWS\SYSTEM32\kernel.appcore.dll
0x00007ff9cf990000 - 0x00007ff9cf99a000 	D:\Java\jdk-15.0.2\bin\jimage.dll
0x00007ff9d2840000 - 0x00007ff9d2a24000 	C:\WINDOWS\SYSTEM32\DBGHELP.DLL
0x00007ff9c0520000 - 0x00007ff9c054c000 	C:\WINDOWS\SYSTEM32\dbgcore.DLL
0x00007ff9d4b10000 - 0x00007ff9d4b93000 	C:\WINDOWS\System32\bcryptPrimitives.dll
0x00007ff9cf970000 - 0x00007ff9cf97e000 	D:\Java\jdk-15.0.2\bin\instrument.dll
0x00007ff9cf5e0000 - 0x00007ff9cf605000 	D:\Java\jdk-15.0.2\bin\java.dll
0x00007ff9d6250000 - 0x00007ff9d698f000 	C:\WINDOWS\System32\SHELL32.dll
0x00007ff9d2bf0000 - 0x00007ff9d3380000 	C:\WINDOWS\SYSTEM32\windows.storage.dll
0x00007ff9d5d00000 - 0x00007ff9d6055000 	C:\WINDOWS\System32\combase.dll
0x00007ff9d4560000 - 0x00007ff9d458e000 	C:\WINDOWS\SYSTEM32\Wldp.dll
0x00007ff9d5530000 - 0x00007ff9d55dd000 	C:\WINDOWS\System32\SHCORE.dll
0x00007ff9d6990000 - 0x00007ff9d69e5000 	C:\WINDOWS\System32\shlwapi.dll
0x00007ff9d4a50000 - 0x00007ff9d4a6f000 	C:\WINDOWS\SYSTEM32\profapi.dll
0x00007ff9c7c10000 - 0x00007ff9c7c28000 	D:\Java\jdk-15.0.2\bin\zip.dll
0x00007ff9c7c50000 - 0x00007ff9c7c69000 	D:\Java\jdk-15.0.2\bin\net.dll
0x00007ff9cb120000 - 0x00007ff9cb22c000 	C:\WINDOWS\SYSTEM32\WINHTTP.dll
0x00007ff9d42c0000 - 0x00007ff9d432a000 	C:\WINDOWS\system32\mswsock.dll
0x00007ff9c7c30000 - 0x00007ff9c7c42000 	D:\Java\jdk-15.0.2\bin\nio.dll
0x00007ff9c4710000 - 0x00007ff9c472a000 	D:\Program Files\JetBrains\IntelliJ IDEA 2021.2.3\bin\breakgen64.dll
0x00007ff9d3fb0000 - 0x00007ff9d407b000 	C:\WINDOWS\SYSTEM32\DNSAPI.dll
0x00007ff9d3f60000 - 0x00007ff9d3f9b000 	C:\WINDOWS\SYSTEM32\IPHLPAPI.DLL
0x00007ff9d69f0000 - 0x00007ff9d69f8000 	C:\WINDOWS\System32\NSI.dll
0x00007ff9c8530000 - 0x00007ff9c853a000 	C:\Windows\System32\rasadhlp.dll
0x00007ff9c7380000 - 0x00007ff9c73ff000 	C:\WINDOWS\System32\fwpuclnt.dll
0x00007ff9d4e60000 - 0x00007ff9d4e87000 	C:\WINDOWS\System32\bcrypt.dll
0x00007ff9cd190000 - 0x00007ff9cd199000 	D:\Java\jdk-15.0.2\bin\management.dll
0x00007ff9ca990000 - 0x00007ff9ca99b000 	D:\Java\jdk-15.0.2\bin\management_ext.dll
0x00007ff9d44b0000 - 0x00007ff9d44c8000 	C:\WINDOWS\SYSTEM32\CRYPTSP.dll
0x00007ff9d3bd0000 - 0x00007ff9d3c04000 	C:\WINDOWS\system32\rsaenh.dll
0x00007ff9d4a10000 - 0x00007ff9d4a3e000 	C:\WINDOWS\SYSTEM32\USERENV.dll
0x00007ff9d44d0000 - 0x00007ff9d44dc000 	C:\WINDOWS\SYSTEM32\CRYPTBASE.dll
0x00007ff9ce1b0000 - 0x00007ff9ce1c7000 	C:\WINDOWS\SYSTEM32\dhcpcsvc6.DLL
0x00007ff9cdf00000 - 0x00007ff9cdf1d000 	C:\WINDOWS\SYSTEM32\dhcpcsvc.DLL
0x00007ff9b6b40000 - 0x00007ff9b6b57000 	C:\WINDOWS\system32\napinsp.dll
0x00007ff9b6b20000 - 0x00007ff9b6b3b000 	C:\WINDOWS\system32\pnrpnsp.dll
0x00007ff9d0070000 - 0x00007ff9d008d000 	C:\WINDOWS\system32\NLAapi.dll
0x00007ff9b6b00000 - 0x00007ff9b6b15000 	C:\WINDOWS\system32\wshbth.dll
0x00007ff9b3a90000 - 0x00007ff9b3aa2000 	C:\WINDOWS\System32\winrnr.dll
0x00007ff9ca390000 - 0x00007ff9ca39d000 	D:\Java\jdk-15.0.2\bin\sunmscapi.dll
0x00007ff9d4e90000 - 0x00007ff9d4fe6000 	C:\WINDOWS\System32\CRYPT32.dll
0x00007ff9d45d0000 - 0x00007ff9d45f7000 	C:\WINDOWS\SYSTEM32\ncrypt.dll
0x00007ff9d4590000 - 0x00007ff9d45cb000 	C:\WINDOWS\SYSTEM32\NTASN1.dll

dbghelp: loaded successfully - version: 4.0.5 - missing functions: none
symbol engine: initialized successfully - sym options: 0x614 - pdb path: .;D:\Java\jdk-15.0.2\bin;C:\WINDOWS\SYSTEM32;C:\WINDOWS\WinSxS\amd64_microsoft.windows.common-controls_6595b64144ccf1df_6.0.19041.1110_none_60b5254171f9507e;D:\Java\jdk-15.0.2\bin\server;D:\Program Files\JetBrains\IntelliJ IDEA 2021.2.3\bin

VM Arguments:
jvm_args: -XX:TieredStopAtLevel=1 -Xverify:none -Dspring.output.ansi.enabled=always -javaagent:D:\Program Files\JetBrains\IntelliJ IDEA 2021.2.3\lib\idea_rt.jar=53024:D:\Program Files\JetBrains\IntelliJ IDEA 2021.2.3\bin -Dcom.sun.management.jmxremote -Dspring.jmx.enabled=true -Dspring.liveBeansView.mbeanDomain -Dspring.application.admin.enabled=true -Dfile.encoding=UTF-8 
java_command: com.example.tourwebaplication.TourWebAplicationApplication
java_class_path (initial): E:\Github\Web-Tour-MHPL\TourWebAplication\target\classes;C:\Users\lvlin\.m2\repository\org\springframework\boot\spring-boot-starter-thymeleaf\2.6.0\spring-boot-starter-thymeleaf-2.6.0.jar;C:\Users\lvlin\.m2\repository\org\springframework\boot\spring-boot-starter\2.6.0\spring-boot-starter-2.6.0.jar;C:\Users\lvlin\.m2\repository\org\springframework\boot\spring-boot\2.6.0\spring-boot-2.6.0.jar;C:\Users\lvlin\.m2\repository\org\springframework\boot\spring-boot-autoconfigure\2.6.0\spring-boot-autoconfigure-2.6.0.jar;C:\Users\lvlin\.m2\repository\org\springframework\boot\spring-boot-starter-logging\2.6.0\spring-boot-starter-logging-2.6.0.jar;C:\Users\lvlin\.m2\repository\ch\qos\logback\logback-classic\1.2.7\logback-classic-1.2.7.jar;C:\Users\lvlin\.m2\repository\ch\qos\logback\logback-core\1.2.7\logback-core-1.2.7.jar;C:\Users\lvlin\.m2\repository\org\apache\logging\log4j\log4j-to-slf4j\2.14.1\log4j-to-slf4j-2.14.1.jar;C:\Users\lvlin\.m2\repository\org\apache\logging\log4j\log4j-api\2.14.1\log4j-api-2.14.1.jar;C:\Users\lvlin\.m2\repository\org\slf4j\jul-to-slf4j\1.7.32\jul-to-slf4j-1.7.32.jar;C:\Users\lvlin\.m2\repository\jakarta\annotation\jakarta.annotation-api\1.3.5\jakarta.annotation-api-1.3.5.jar;C:\Users\lvlin\.m2\repository\org\yaml\snakeyaml\1.29\snakeyaml-1.29.jar;C:\Users\lvlin\.m2\repository\org\thymeleaf\thymeleaf-spring5\3.0.12.RELEASE\thymeleaf-spring5-3.0.12.RELEASE.jar;C:\Users\lvlin\.m2\repository\org\thymeleaf\thymeleaf\3.0.12.RELEASE\thymeleaf-3.0.12.RELEASE.jar;C:\Users\lvlin\.m2\repository\org\attoparser\attoparser\2.0.5.RELEASE\attoparser-2.0.5.RELEASE.jar;C:\Users\lvlin\.m2\repository\org\unbescape\unbescape\1.1.6.RELEASE\unbescape-1.1.6.RELEASE.jar;C:\Users\lvlin\.m2\repository\org\slf4j\slf4j-api\1.7.32\slf4j-api-1.7.32.jar;C:\Users\lvlin\.m2\repository\org\thymeleaf\extras\thymeleaf-extras-java8time\3.0.4.RELEASE\thymeleaf-extras-java8time-3.0.4.RELEASE.jar;C:\Users\lvlin\.m2\repository\org\springframework\boot\spring
Launcher Type: SUN_STANDARD

[Global flags]
     intx CICompilerCount                          = 4                                         {product} {ergonomic}
     uint ConcGCThreads                            = 2                                         {product} {ergonomic}
     uint G1ConcRefinementThreads                  = 8                                         {product} {ergonomic}
   size_t G1HeapRegionSize                         = 1048576                                   {product} {ergonomic}
    uintx GCDrainStackTargetSize                   = 64                                        {product} {ergonomic}
   size_t InitialHeapSize                          = 132120576                                 {product} {ergonomic}
     bool ManagementServer                         = true                                      {product} {command line}
   size_t MarkStackSize                            = 4194304                                   {product} {ergonomic}
   size_t MaxHeapSize                              = 2107637760                                {product} {ergonomic}
   size_t MaxNewSize                               = 1264582656                                {product} {ergonomic}
   size_t MinHeapDeltaBytes                        = 1048576                                   {product} {ergonomic}
   size_t MinHeapSize                              = 8388608                                   {product} {ergonomic}
    uintx NonNMethodCodeHeapSize                   = 7549744                                {pd product} {ergonomic}
    uintx NonProfiledCodeHeapSize                  = 244108496                              {pd product} {ergonomic}
    uintx ProfiledCodeHeapSize                     = 0                                      {pd product} {ergonomic}
    uintx ReservedCodeCacheSize                    = 251658240                              {pd product} {ergonomic}
     bool SegmentedCodeCache                       = true                                      {product} {ergonomic}
   size_t SoftMaxHeapSize                          = 2107637760                             {manageable} {ergonomic}
     intx TieredStopAtLevel                        = 1                                         {product} {command line}
     bool UseCompressedClassPointers               = true                                 {lp64_product} {ergonomic}
     bool UseCompressedOops                        = true                                 {lp64_product} {ergonomic}
     bool UseG1GC                                  = true                                      {product} {ergonomic}
     bool UseLargePagesIndividualAllocation        = false                                  {pd product} {ergonomic}

Logging:
Log output configuration:
 #0: stdout all=warning uptime,level,tags
 #1: stderr all=off uptime,level,tags

Environment Variables:
JAVA_HOME=D:\Java\jdk-15.0.2
PATH=C:\Program Files\Common Files\Oracle\Java\javapath;C:\Program Files (x86)\Common Files\Oracle\Java\javapath;C:\WINDOWS\system32;C:\WINDOWS;C:\WINDOWS\System32\Wbem;C:\WINDOWS\System32\WindowsPowerShell\v1.0\;C:\WINDOWS\System32\OpenSSH\;C:\Program Files\Microsoft SQL Server\Client SDK\ODBC\170\Tools\Binn\;C:\Program Files (x86)\Microsoft SQL Server\150\Tools\Binn\;C:\Program Files\Microsoft SQL Server\150\Tools\Binn\;C:\Program Files\Microsoft SQL Server\150\DTS\Binn\;C:\Program Files (x86)\Microsoft SQL Server\150\DTS\Binn\;"C:\Program Files\Azure Data Studio\bin;D:\Java\jdk-15.0.2\bin;";D:\Java\jdk-15.0.2\bin;C:\Program Files\Git\cmd;C:\Program Files\Microsoft SQL Server\130\Tools\Binn\;C:\Program Files\MySQL\MySQL Shell 8.0\bin\;C:\Users\lvlin\AppData\Local\Microsoft\WindowsApps;C:\Users\lvlin\AppData\Local\GitHubDesktop\bin
USERNAME=lvlin
OS=Windows_NT
PROCESSOR_IDENTIFIER=Intel64 Family 6 Model 158 Stepping 10, GenuineIntel



---------------  S Y S T E M  ---------------

OS:
 Windows 10 , 64 bit Build 19041 (10.0.19041.1348)
OS uptime: 18 days 3:05 hours

CPU: total 8 (initial active 8) (4 cores per cpu, 2 threads per core) family 6 doanModel 158 stepping 10 microcode 0xb4, cmov, cx8, fxsr, mmx, sse, sse2, sse3, ssse3, sse4.1, sse4.2, popcnt, vzeroupper, avx, avx2, aes, clmul, erms, 3dnowpref, lzcnt, ht, tsc, tscinvbit, bmi1, bmi2, adx, fma, clflush, clflushopt

Memory: 4k page, system-wide physical 8034M (1515M free)
TotalPageFile size 16086M (AvailPageFile size 5500M)
current process WorkingSet (physical memory assigned to process): 152M, peak: 152M
current process commit charge ("private bytes"): 195M, peak: 243M

vm_info: Java HotSpot(TM) 64-Bit Server VM (15.0.2+7-27) for windows-amd64 JRE (15.0.2+7-27), built on Dec  7 2020 20:07:01 by "mach5one" with unknown MS VC++:1925

END.
